[debug] [2024-02-04T06:50:48.856Z] ----------------------------------------------------------------------
[debug] [2024-02-04T06:50:48.860Z] Command:       C:\Program Files\nodejs\node.exe C:\Program Files\nodejs\node_modules\firebase-tools\lib\bin\firebase.js init
[debug] [2024-02-04T06:50:48.860Z] CLI Version:   13.1.0
[debug] [2024-02-04T06:50:48.860Z] Platform:      win32
[debug] [2024-02-04T06:50:48.861Z] Node Version:  v20.9.0
[debug] [2024-02-04T06:50:48.861Z] Time:          Sun Feb 04 2024 15:50:48 GMT+0900 (대한민국 표준시)
[debug] [2024-02-04T06:50:48.861Z] ----------------------------------------------------------------------
[debug] 
[debug] [2024-02-04T06:50:48.868Z] > command requires scopes: ["email","openid","https://www.googleapis.com/auth/cloudplatformprojects.readonly","https://www.googleapis.com/auth/firebase","https://www.googleapis.com/auth/cloud-platform"]
[debug] [2024-02-04T06:50:48.868Z] > authorizing via signed-in user (project.youth.truffle@gmail.com)
[info] 
     ######## #### ########  ######## ########     ###     ######  ########
     ##        ##  ##     ## ##       ##     ##  ##   ##  ##       ##
     ######    ##  ########  ######   ########  #########  ######  ######
     ##        ##  ##    ##  ##       ##     ## ##     ##       ## ##
     ##       #### ##     ## ######## ########  ##     ##  ######  ########

You're about to initialize a Firebase project in this directory:

  C:\Users\user\Truffle

[info] 
=== Project Setup
[info] 
[info] First, let's associate this project directory with a Firebase project.
[info] You can create multiple project aliases by running firebase use --add, 
[info] but for now we'll just set up a default project.
[info] 
[debug] [2024-02-04T06:50:55.447Z] >>> [apiv2][query] GET https://firebase.googleapis.com/v1beta1/projects pageSize=100
[debug] [2024-02-04T06:50:56.136Z] <<< [apiv2][status] GET https://firebase.googleapis.com/v1beta1/projects 200
[debug] [2024-02-04T06:50:56.136Z] <<< [apiv2][body] GET https://firebase.googleapis.com/v1beta1/projects [omitted]
[info] i  Using project youth-truffle (Youth-Truffle) 
[info] 
=== Database Setup
[info] i  database: ensuring required API firebasedatabase.googleapis.com is enabled... 
[debug] [2024-02-04T06:50:58.113Z] >>> [apiv2][query] GET https://serviceusage.googleapis.com/v1/projects/youth-truffle/services/firebasedatabase.googleapis.com [none]
[debug] [2024-02-04T06:50:58.113Z] >>> [apiv2][(partial)header] GET https://serviceusage.googleapis.com/v1/projects/youth-truffle/services/firebasedatabase.googleapis.com x-goog-quota-user=projects/youth-truffle
[debug] [2024-02-04T06:50:59.458Z] <<< [apiv2][status] GET https://serviceusage.googleapis.com/v1/projects/youth-truffle/services/firebasedatabase.googleapis.com 200
[debug] [2024-02-04T06:50:59.458Z] <<< [apiv2][body] GET https://serviceusage.googleapis.com/v1/projects/youth-truffle/services/firebasedatabase.googleapis.com [omitted]
[info] +  database: required API firebasedatabase.googleapis.com is enabled 
[info] 
[debug] [2024-02-04T06:50:59.460Z] >>> [apiv2][query] GET https://firebase.googleapis.com/v1beta1/projects/youth-truffle [none]
[debug] [2024-02-04T06:50:59.730Z] <<< [apiv2][status] GET https://firebase.googleapis.com/v1beta1/projects/youth-truffle 200
[debug] [2024-02-04T06:50:59.731Z] <<< [apiv2][body] GET https://firebase.googleapis.com/v1beta1/projects/youth-truffle {"projectId":"youth-truffle","projectNumber":"295038915158","displayName":"Youth-Truffle","name":"projects/youth-truffle","resources":{"hostingSite":"youth-truffle","storageBucket":"youth-truffle.appspot.com","locationId":"asia-northeast3"},"state":"ACTIVE","etag":"1_1892f1d8-aea4-4eae-ade1-e78df3f4dbdd"}
[debug] [2024-02-04T06:51:10.019Z] >>> [apiv2][query] POST https://firebasedatabase.googleapis.com/v1beta/projects/youth-truffle/locations/asia-southeast1/instances databaseId=youth-truffle-default-rtdb&validateOnly=true
[debug] [2024-02-04T06:51:10.019Z] >>> [apiv2][body] POST https://firebasedatabase.googleapis.com/v1beta/projects/youth-truffle/locations/asia-southeast1/instances {"type":"default_database"}
[debug] [2024-02-04T06:51:11.559Z] <<< [apiv2][status] POST https://firebasedatabase.googleapis.com/v1beta/projects/youth-truffle/locations/asia-southeast1/instances 200
[debug] [2024-02-04T06:51:11.560Z] <<< [apiv2][body] POST https://firebasedatabase.googleapis.com/v1beta/projects/youth-truffle/locations/asia-southeast1/instances {"name":"projects/295038915158/locations/asia-southeast1/instances/youth-truffle-default-rtdb","project":"projects/295038915158","databaseUrl":"https://youth-truffle-default-rtdb.asia-southeast1.firebasedatabase.app","type":"DEFAULT_DATABASE","state":"ACTIVE"}
[debug] [2024-02-04T06:51:11.563Z] >>> [apiv2][query] POST https://firebasedatabase.googleapis.com/v1beta/projects/youth-truffle/locations/asia-southeast1/instances databaseId=youth-truffle-default-rtdb
[debug] [2024-02-04T06:51:11.563Z] >>> [apiv2][body] POST https://firebasedatabase.googleapis.com/v1beta/projects/youth-truffle/locations/asia-southeast1/instances {"type":"default_database"}
[debug] [2024-02-04T06:51:12.173Z] <<< [apiv2][status] POST https://firebasedatabase.googleapis.com/v1beta/projects/youth-truffle/locations/asia-southeast1/instances 200
[debug] [2024-02-04T06:51:12.173Z] <<< [apiv2][body] POST https://firebasedatabase.googleapis.com/v1beta/projects/youth-truffle/locations/asia-southeast1/instances {"name":"projects/295038915158/locations/asia-southeast1/instances/youth-truffle-default-rtdb","project":"projects/295038915158","databaseUrl":"https://youth-truffle-default-rtdb.asia-southeast1.firebasedatabase.app","type":"DEFAULT_DATABASE","state":"ACTIVE"}
[info] 
[info] Firebase Realtime Database Security Rules allow you to define how your data should be
[info] structured and when your data can be read from and written to.
[info] 
[debug] [2024-02-04T06:51:21.721Z] >>> [apiv2][query] GET https://youth-truffle-default-rtdb.asia-southeast1.firebasedatabase.app/.settings/rules.json [none]
[debug] [2024-02-04T06:51:23.571Z] <<< [apiv2][status] GET https://youth-truffle-default-rtdb.asia-southeast1.firebasedatabase.app/.settings/rules.json 200
[debug] [2024-02-04T06:51:23.572Z] <<< [apiv2][body] GET https://youth-truffle-default-rtdb.asia-southeast1.firebasedatabase.app/.settings/rules.json [stream]
[info] +  Database Rules for youth-truffle-default-rtdb have been written to database.rules.json. 
[info] Future modifications to database.rules.json will update Realtime Database Security Rules when you run
[info] firebase deploy.
[info] 
=== Firestore Setup
[debug] [2024-02-04T06:51:23.580Z] >>> [apiv2][query] GET https://serviceusage.googleapis.com/v1/projects/youth-truffle/services/firestore.googleapis.com [none]
[debug] [2024-02-04T06:51:23.581Z] >>> [apiv2][(partial)header] GET https://serviceusage.googleapis.com/v1/projects/youth-truffle/services/firestore.googleapis.com x-goog-quota-user=projects/youth-truffle
[debug] [2024-02-04T06:51:24.899Z] <<< [apiv2][status] GET https://serviceusage.googleapis.com/v1/projects/youth-truffle/services/firestore.googleapis.com 200
[debug] [2024-02-04T06:51:24.900Z] <<< [apiv2][body] GET https://serviceusage.googleapis.com/v1/projects/youth-truffle/services/firestore.googleapis.com [omitted]
[debug] [2024-02-04T06:51:24.900Z] >>> [apiv2][query] GET https://firestore.googleapis.com/v1/projects/youth-truffle/databases/(default) [none]
[debug] [2024-02-04T06:51:25.039Z] <<< [apiv2][status] GET https://firestore.googleapis.com/v1/projects/youth-truffle/databases/(default) 200
[debug] [2024-02-04T06:51:25.039Z] <<< [apiv2][body] GET https://firestore.googleapis.com/v1/projects/youth-truffle/databases/(default) {"name":"projects/youth-truffle/databases/(default)","uid":"3628a8c4-1190-4f34-8893-256e2fa756e0","createTime":"2024-01-27T08:36:59.059777Z","updateTime":"2024-01-27T08:36:59.059777Z","locationId":"asia-northeast3","type":"FIRESTORE_NATIVE","concurrencyMode":"PESSIMISTIC","versionRetentionPeriod":"3600s","earliestVersionTime":"2024-02-04T05:51:25.052059Z","appEngineIntegrationMode":"DISABLED","keyPrefix":"v","pointInTimeRecoveryEnablement":"POINT_IN_TIME_RECOVERY_DISABLED","deleteProtectionState":"DELETE_PROTECTION_DISABLED","etag":"IOO8z7CMkYQDMNDHx/fXgYQD"}
[debug] [2024-02-04T06:51:25.039Z] database_type: FIRESTORE_NATIVE
[debug] [2024-02-04T06:51:25.039Z] > command requires scopes: ["email","openid","https://www.googleapis.com/auth/cloudplatformprojects.readonly","https://www.googleapis.com/auth/firebase","https://www.googleapis.com/auth/cloud-platform"]
[debug] [2024-02-04T06:51:25.040Z] > authorizing via signed-in user (project.youth.truffle@gmail.com)
[debug] [2024-02-04T06:51:25.040Z] [iam] checking project youth-truffle for permissions ["firebase.projects.get"]
[debug] [2024-02-04T06:51:25.040Z] >>> [apiv2][query] POST https://cloudresourcemanager.googleapis.com/v1/projects/youth-truffle:testIamPermissions [none]
[debug] [2024-02-04T06:51:25.040Z] >>> [apiv2][(partial)header] POST https://cloudresourcemanager.googleapis.com/v1/projects/youth-truffle:testIamPermissions x-goog-quota-user=projects/youth-truffle
[debug] [2024-02-04T06:51:25.041Z] >>> [apiv2][body] POST https://cloudresourcemanager.googleapis.com/v1/projects/youth-truffle:testIamPermissions {"permissions":["firebase.projects.get"]}
[debug] [2024-02-04T06:51:26.091Z] <<< [apiv2][status] POST https://cloudresourcemanager.googleapis.com/v1/projects/youth-truffle:testIamPermissions 200
[debug] [2024-02-04T06:51:26.092Z] <<< [apiv2][body] POST https://cloudresourcemanager.googleapis.com/v1/projects/youth-truffle:testIamPermissions {"permissions":["firebase.projects.get"]}
[info] 
[info] Firestore Security Rules allow you to define how and when to allow
[info] requests. You can keep these rules in your project directory
[info] and publish them with firebase deploy.
[info] 
[debug] [2024-02-04T06:51:30.298Z] >>> [apiv2][query] GET https://firebaserules.googleapis.com/v1/projects/youth-truffle/releases pageSize=10&pageToken=
[debug] [2024-02-04T06:51:31.646Z] <<< [apiv2][status] GET https://firebaserules.googleapis.com/v1/projects/youth-truffle/releases 200
[debug] [2024-02-04T06:51:31.646Z] <<< [apiv2][body] GET https://firebaserules.googleapis.com/v1/projects/youth-truffle/releases {"releases":[{"name":"projects/youth-truffle/releases/cloud.firestore","rulesetName":"projects/youth-truffle/rulesets/c2104c83-66ce-487d-a3ad-ce00042a8a10","createTime":"2024-01-27T08:37:07.970808Z","updateTime":"2024-01-27T08:37:07.970808Z"},{"name":"projects/youth-truffle/releases/firebase.storage/youth-truffle.appspot.com","rulesetName":"projects/youth-truffle/rulesets/9f33095d-8c63-4e57-a955-3cbca95ee9f6","createTime":"2024-01-27T08:39:51.868003Z","updateTime":"2024-01-27T08:39:51.868003Z"}]}
[debug] [2024-02-04T06:51:31.659Z] Found ruleset: projects/youth-truffle/rulesets/c2104c83-66ce-487d-a3ad-ce00042a8a10
[debug] [2024-02-04T06:51:31.659Z] >>> [apiv2][query] GET https://firebaserules.googleapis.com/v1/projects/youth-truffle/rulesets/c2104c83-66ce-487d-a3ad-ce00042a8a10 [none]
[debug] [2024-02-04T06:51:32.715Z] <<< [apiv2][status] GET https://firebaserules.googleapis.com/v1/projects/youth-truffle/rulesets/c2104c83-66ce-487d-a3ad-ce00042a8a10 200
[debug] [2024-02-04T06:51:32.715Z] <<< [apiv2][body] GET https://firebaserules.googleapis.com/v1/projects/youth-truffle/rulesets/c2104c83-66ce-487d-a3ad-ce00042a8a10 [omitted]
[info] 
[info] Firestore indexes allow you to perform complex queries while
[info] maintaining performance that scales with the size of the result
[info] set. You can keep index definitions in your project directory
[info] and publish them with firebase deploy.
[info] 
[debug] [2024-02-04T06:51:33.887Z] >>> [apiv2][query] GET https://firestore.googleapis.com/v1/projects/youth-truffle/databases/(default)/collectionGroups/-/indexes [none]
[debug] [2024-02-04T06:51:33.890Z] >>> [apiv2][query] GET https://firestore.googleapis.com/v1/projects/youth-truffle/databases/(default)/collectionGroups/-/fields?filter=indexConfig.usesAncestorConfig=false OR ttlConfig:* [none]
[debug] [2024-02-04T06:51:34.024Z] <<< [apiv2][status] GET https://firestore.googleapis.com/v1/projects/youth-truffle/databases/(default)/collectionGroups/-/indexes 200
[debug] [2024-02-04T06:51:34.024Z] <<< [apiv2][body] GET https://firestore.googleapis.com/v1/projects/youth-truffle/databases/(default)/collectionGroups/-/indexes {}
[debug] [2024-02-04T06:51:34.043Z] <<< [apiv2][status] GET https://firestore.googleapis.com/v1/projects/youth-truffle/databases/(default)/collectionGroups/-/fields?filter=indexConfig.usesAncestorConfig=false OR ttlConfig:* 200
[debug] [2024-02-04T06:51:34.043Z] <<< [apiv2][body] GET https://firestore.googleapis.com/v1/projects/youth-truffle/databases/(default)/collectionGroups/-/fields?filter=indexConfig.usesAncestorConfig=false OR ttlConfig:* {"fields":[{"name":"projects/youth-truffle/databases/(default)/collectionGroups/__default__/fields/*","indexConfig":{"indexes":[{"queryScope":"COLLECTION","fields":[{"fieldPath":"*","order":"ASCENDING"}],"state":"READY"},{"queryScope":"COLLECTION","fields":[{"fieldPath":"*","order":"DESCENDING"}],"state":"READY"},{"queryScope":"COLLECTION","fields":[{"fieldPath":"*","arrayConfig":"CONTAINS"}],"state":"READY"}]}}]}
[info] 
=== Functions Setup
[debug] [2024-02-04T06:51:34.047Z] > command requires scopes: ["email","openid","https://www.googleapis.com/auth/cloudplatformprojects.readonly","https://www.googleapis.com/auth/firebase","https://www.googleapis.com/auth/cloud-platform"]
[debug] [2024-02-04T06:51:34.047Z] > authorizing via signed-in user (project.youth.truffle@gmail.com)
[debug] [2024-02-04T06:51:34.048Z] [iam] checking project youth-truffle for permissions ["firebase.projects.get"]
[debug] [2024-02-04T06:51:34.048Z] >>> [apiv2][query] POST https://cloudresourcemanager.googleapis.com/v1/projects/youth-truffle:testIamPermissions [none]
[debug] [2024-02-04T06:51:34.048Z] >>> [apiv2][(partial)header] POST https://cloudresourcemanager.googleapis.com/v1/projects/youth-truffle:testIamPermissions x-goog-quota-user=projects/youth-truffle
[debug] [2024-02-04T06:51:34.048Z] >>> [apiv2][body] POST https://cloudresourcemanager.googleapis.com/v1/projects/youth-truffle:testIamPermissions {"permissions":["firebase.projects.get"]}
[debug] [2024-02-04T06:51:35.019Z] <<< [apiv2][status] POST https://cloudresourcemanager.googleapis.com/v1/projects/youth-truffle:testIamPermissions 200
[debug] [2024-02-04T06:51:35.019Z] <<< [apiv2][body] POST https://cloudresourcemanager.googleapis.com/v1/projects/youth-truffle:testIamPermissions {"permissions":["firebase.projects.get"]}
[debug] [2024-02-04T06:51:35.020Z] >>> [apiv2][query] GET https://serviceusage.googleapis.com/v1/projects/youth-truffle/services/cloudfunctions.googleapis.com [none]
[debug] [2024-02-04T06:51:35.020Z] >>> [apiv2][(partial)header] GET https://serviceusage.googleapis.com/v1/projects/youth-truffle/services/cloudfunctions.googleapis.com x-goog-quota-user=projects/youth-truffle
[debug] [2024-02-04T06:51:35.023Z] >>> [apiv2][query] GET https://serviceusage.googleapis.com/v1/projects/youth-truffle/services/runtimeconfig.googleapis.com [none]
[debug] [2024-02-04T06:51:35.023Z] >>> [apiv2][(partial)header] GET https://serviceusage.googleapis.com/v1/projects/youth-truffle/services/runtimeconfig.googleapis.com x-goog-quota-user=projects/youth-truffle
[debug] [2024-02-04T06:51:36.330Z] <<< [apiv2][status] GET https://serviceusage.googleapis.com/v1/projects/youth-truffle/services/cloudfunctions.googleapis.com 200
[debug] [2024-02-04T06:51:36.331Z] <<< [apiv2][body] GET https://serviceusage.googleapis.com/v1/projects/youth-truffle/services/cloudfunctions.googleapis.com [omitted]
[debug] [2024-02-04T06:51:36.331Z] >>> [apiv2][query] POST https://serviceusage.googleapis.com/v1/projects/youth-truffle/services/cloudfunctions.googleapis.com:enable [none]
[debug] [2024-02-04T06:51:36.332Z] >>> [apiv2][(partial)header] POST https://serviceusage.googleapis.com/v1/projects/youth-truffle/services/cloudfunctions.googleapis.com:enable x-goog-quota-user=projects/youth-truffle
[debug] [2024-02-04T06:51:36.333Z] <<< [apiv2][status] GET https://serviceusage.googleapis.com/v1/projects/youth-truffle/services/runtimeconfig.googleapis.com 200
[debug] [2024-02-04T06:51:36.333Z] <<< [apiv2][body] GET https://serviceusage.googleapis.com/v1/projects/youth-truffle/services/runtimeconfig.googleapis.com [omitted]
[debug] [2024-02-04T06:51:36.923Z] <<< [apiv2][status] POST https://serviceusage.googleapis.com/v1/projects/youth-truffle/services/cloudfunctions.googleapis.com:enable 200
[debug] [2024-02-04T06:51:36.923Z] <<< [apiv2][body] POST https://serviceusage.googleapis.com/v1/projects/youth-truffle/services/cloudfunctions.googleapis.com:enable [omitted]
[debug] [2024-02-04T06:51:46.933Z] >>> [apiv2][query] GET https://serviceusage.googleapis.com/v1/projects/youth-truffle/services/cloudfunctions.googleapis.com [none]
[debug] [2024-02-04T06:51:46.933Z] >>> [apiv2][(partial)header] GET https://serviceusage.googleapis.com/v1/projects/youth-truffle/services/cloudfunctions.googleapis.com x-goog-quota-user=projects/youth-truffle
[debug] [2024-02-04T06:51:48.227Z] <<< [apiv2][status] GET https://serviceusage.googleapis.com/v1/projects/youth-truffle/services/cloudfunctions.googleapis.com 200
[debug] [2024-02-04T06:51:48.227Z] <<< [apiv2][body] GET https://serviceusage.googleapis.com/v1/projects/youth-truffle/services/cloudfunctions.googleapis.com [omitted]
[info] Let's create a new codebase for your functions.
[info] A directory corresponding to the codebase will be created in your project
[info] with sample code pre-configured.

[info] See https://firebase.google.com/docs/functions/organize-functions for
[info] more information on organizing your functions using codebases.

[info] Functions can be deployed with firebase deploy.

[info] +  Wrote functions/package.json 
[info] +  Wrote functions/.eslintrc.js 
[info] +  Wrote functions/index.js 
[info] +  Wrote functions/.gitignore 
[info] 
=== Hosting Setup
[debug] [2024-02-04T06:53:53.299Z] >>> [apiv2][query] GET https://firebase.googleapis.com/v1beta1/projects/youth-truffle [none]
[debug] [2024-02-04T06:53:53.788Z] <<< [apiv2][status] GET https://firebase.googleapis.com/v1beta1/projects/youth-truffle 200
[debug] [2024-02-04T06:53:53.788Z] <<< [apiv2][body] GET https://firebase.googleapis.com/v1beta1/projects/youth-truffle {"projectId":"youth-truffle","projectNumber":"295038915158","displayName":"Youth-Truffle","name":"projects/youth-truffle","resources":{"hostingSite":"youth-truffle","realtimeDatabaseInstance":"youth-truffle-default-rtdb","storageBucket":"youth-truffle.appspot.com","locationId":"asia-northeast3"},"state":"ACTIVE","etag":"1_1892f1d8-aea4-4eae-ade1-e78df3f4dbdd"}
[info] 
[info] Your public directory is the folder (relative to your project directory) that
[info] will contain Hosting assets to be uploaded with firebase deploy. If you
[info] have a build process for your assets, use your build's output directory.
[info] 
[info] +  Wrote public/404.html 
[debug] [2024-02-04T06:56:43.337Z] >>> [apiv2][query] GET https://www.gstatic.com/firebasejs/releases.json [none]
[debug] [2024-02-04T06:56:43.532Z] <<< [apiv2][status] GET https://www.gstatic.com/firebasejs/releases.json 200
[debug] [2024-02-04T06:56:43.532Z] <<< [apiv2][body] GET https://www.gstatic.com/firebasejs/releases.json {"current":{"version":"10.8.0","browserURL":"https://www.gstatic.com/firebasejs/10.8.0/firebase.js","packageURL":"https://www.gstatic.com/firebasejs/10.8.0/firebase.tgz"},"live":{"version":"10.8","browserURL":"https://www.gstatic.com/firebasejs/live/10.8/firebase.js","packageURL":"https://www.gstatic.com/firebasejs/live/10.8/firebase.tgz"},"components":{"analytics":"https://www.gstatic.com/firebasejs/10.8.0/firebase-analytics.js","app":"https://www.gstatic.com/firebasejs/10.8.0/firebase-app.js","app-check":"https://www.gstatic.com/firebasejs/10.8.0/firebase-app-check.js","auth":"https://www.gstatic.com/firebasejs/10.8.0/firebase-auth.js","auth/cordova":"https://www.gstatic.com/firebasejs/10.8.0/firebase-auth/cordova.js","auth/web-extension":"https://www.gstatic.com/firebasejs/10.8.0/firebase-auth/web-extension.js","functions":"https://www.gstatic.com/firebasejs/10.8.0/firebase-functions.js","firestore":"https://www.gstatic.com/firebasejs/10.8.0/firebase-firestore.js","firestore/lite":"https://www.gstatic.com/firebasejs/10.8.0/firebase-firestore/lite.js","installations":"https://www.gstatic.com/firebasejs/10.8.0/firebase-installations.js","storage":"https://www.gstatic.com/firebasejs/10.8.0/firebase-storage.js","performance":"https://www.gstatic.com/firebasejs/10.8.0/firebase-performance.js","remote-config":"https://www.gstatic.com/firebasejs/10.8.0/firebase-remote-config.js","messaging":"https://www.gstatic.com/firebasejs/10.8.0/firebase-messaging.js","messaging/sw":"https://www.gstatic.com/firebasejs/10.8.0/firebase-messaging/sw.js","database":"https://www.gstatic.com/firebasejs/10.8.0/firebase-database.js","firestore.memory":"https://www.gstatic.com/firebasejs/10.8.0/firebase-firestore.memory.js"}}
[info] +  Wrote public/index.html 
[info] 
[info] i  Detected a .git folder at C:\Users\user\Truffle 
[info] i  Authorizing with GitHub to upload your service account to a GitHub repository's secrets store. 
[info] 
[info] Visit this URL on this device to log in:
[info] https://github.com/login/oauth/authorize?client_id=89cf50f02ac6aaed3484&state=722576079&redirect_uri=http%3A%2F%2Flocalhost%3A9005&scope=read%3Auser%20repo%20public_repo
[info] 
[info] Waiting for authentication...
[debug] [2024-02-04T06:56:55.590Z] >>> [apiv2][query] POST https://github.com/login/oauth/access_token [none]
[debug] [2024-02-04T06:56:55.591Z] >>> [apiv2][body] POST https://github.com/login/oauth/access_token [stream]
[debug] [2024-02-04T06:56:55.894Z] <<< [apiv2][status] POST https://github.com/login/oauth/access_token 200
[debug] [2024-02-04T06:56:55.894Z] <<< [apiv2][body] POST https://github.com/login/oauth/access_token {"access_token":"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","token_type":"bearer","scope":"read:user,repo"}
[debug] [2024-02-04T06:56:55.923Z] >>> [apiv2][query] GET https://api.github.com/user [none]
[debug] [2024-02-04T06:56:56.210Z] <<< [apiv2][status] GET https://api.github.com/user 200
[debug] [2024-02-04T06:56:56.211Z] <<< [apiv2][body] GET https://api.github.com/user {"login":"dakkang03","id":97874131,"node_id":"U_kgDOBdVw0w","avatar_url":"https://avatars.githubusercontent.com/u/97874131?v=4","gravatar_id":"","url":"https://api.github.com/users/dakkang03","html_url":"https://github.com/dakkang03","followers_url":"https://api.github.com/users/dakkang03/followers","following_url":"https://api.github.com/users/dakkang03/following{/other_user}","gists_url":"https://api.github.com/users/dakkang03/gists{/gist_id}","starred_url":"https://api.github.com/users/dakkang03/starred{/owner}{/repo}","subscriptions_url":"https://api.github.com/users/dakkang03/subscriptions","organizations_url":"https://api.github.com/users/dakkang03/orgs","repos_url":"https://api.github.com/users/dakkang03/repos","events_url":"https://api.github.com/users/dakkang03/events{/privacy}","received_events_url":"https://api.github.com/users/dakkang03/received_events","type":"User","site_admin":false,"name":"dakkang","company":null,"blog":"","location":null,"email":null,"hireable":null,"bio":null,"twitter_username":null,"public_repos":4,"public_gists":0,"followers":0,"following":0,"created_at":"2022-01-17T07:27:54Z","updated_at":"2022-06-25T15:46:57Z","private_gists":0,"total_private_repos":1,"owned_private_repos":1,"disk_usage":273610,"collaborators":0,"two_factor_authentication":false,"plan":{"name":"free","space":976562499,"collaborators":0,"private_repos":10000}}
[info] 
[info] +  Success! Logged into GitHub as dakkang03 
[info] 
[debug] [2024-02-04T06:57:10.517Z] >>> [apiv2][query] GET https://api.github.com/repos/dakkang/Truffle/actions/secrets/public-key type=owner
[debug] [2024-02-04T06:57:10.772Z] <<< [apiv2][status] GET https://api.github.com/repos/dakkang/Truffle/actions/secrets/public-key 404
[debug] [2024-02-04T06:57:10.772Z] <<< [apiv2][body] GET https://api.github.com/repos/dakkang/Truffle/actions/secrets/public-key {"message":"Not Found","documentation_url":"https://docs.github.com/rest/actions/secrets#get-a-repository-public-key"}
[info] 
[info] 
[error] !  The provided authorization cannot be used with this repository. If this repository is in an organization, did you remember to grant access? 
[info] 
[info] i  Action required: Visit this URL to ensure access has been granted to the appropriate organization(s) for the Firebase CLI GitHub OAuth App: 
[info] https://github.com/settings/connections/applications/89cf50f02ac6aaed3484
[info] 
[debug] [2024-02-04T06:57:21.916Z] >>> [apiv2][query] GET https://api.github.com/repos/dakkang03/Truffle/actions/secrets/public-key type=owner
[debug] [2024-02-04T06:57:22.154Z] <<< [apiv2][status] GET https://api.github.com/repos/dakkang03/Truffle/actions/secrets/public-key 404
[debug] [2024-02-04T06:57:22.155Z] <<< [apiv2][body] GET https://api.github.com/repos/dakkang03/Truffle/actions/secrets/public-key {"message":"Not Found","documentation_url":"https://docs.github.com/rest/actions/secrets#get-a-repository-public-key"}
[info] 
[info] 
[error] !  The provided authorization cannot be used with this repository. If this repository is in an organization, did you remember to grant access? 
[info] 
[info] i  Action required: Visit this URL to ensure access has been granted to the appropriate organization(s) for the Firebase CLI GitHub OAuth App: 
[info] https://github.com/settings/connections/applications/89cf50f02ac6aaed3484
[info] 
[debug] [2024-02-04T06:58:37.372Z] >>> [apiv2][query] GET https://api.github.com/repos/dakkang03/https://github.com/Youth-Project/Truffle./actions/secrets/public-key type=owner
[debug] [2024-02-04T06:58:37.638Z] <<< [apiv2][status] GET https://api.github.com/repos/dakkang03/https://github.com/Youth-Project/Truffle./actions/secrets/public-key 404
[debug] [2024-02-04T06:58:37.638Z] <<< [apiv2][body] GET https://api.github.com/repos/dakkang03/https://github.com/Youth-Project/Truffle./actions/secrets/public-key {"message":"Not Found","documentation_url":"https://docs.github.com/rest"}
[info] 
[info] 
[error] !  The provided authorization cannot be used with this repository. If this repository is in an organization, did you remember to grant access? 
[info] 
[info] i  Action required: Visit this URL to ensure access has been granted to the appropriate organization(s) for the Firebase CLI GitHub OAuth App: 
[info] https://github.com/settings/connections/applications/89cf50f02ac6aaed3484
[info] 
[debug] [2024-02-04T06:58:48.350Z] >>> [apiv2][query] GET https://api.github.com/repos/dakkang03/https://github.com/Youth-Project/Truffle./actions/secrets/public-key type=owner
[debug] [2024-02-04T06:58:48.588Z] <<< [apiv2][status] GET https://api.github.com/repos/dakkang03/https://github.com/Youth-Project/Truffle./actions/secrets/public-key 404
[debug] [2024-02-04T06:58:48.588Z] <<< [apiv2][body] GET https://api.github.com/repos/dakkang03/https://github.com/Youth-Project/Truffle./actions/secrets/public-key {"message":"Not Found","documentation_url":"https://docs.github.com/rest"}
[info] 
[info] 
[error] !  The provided authorization cannot be used with this repository. If this repository is in an organization, did you remember to grant access? 
[info] 
[info] i  Action required: Visit this URL to ensure access has been granted to the appropriate organization(s) for the Firebase CLI GitHub OAuth App: 
[info] https://github.com/settings/connections/applications/89cf50f02ac6aaed3484
[info] 
[debug] [2024-02-04T06:59:22.739Z] >>> [apiv2][query] GET https://api.github.com/repos/dakkang03/https://github.com/Youth-Project/Truffle.git/actions/secrets/public-key type=owner
[debug] [2024-02-04T06:59:22.999Z] <<< [apiv2][status] GET https://api.github.com/repos/dakkang03/https://github.com/Youth-Project/Truffle.git/actions/secrets/public-key 404
[debug] [2024-02-04T06:59:22.999Z] <<< [apiv2][body] GET https://api.github.com/repos/dakkang03/https://github.com/Youth-Project/Truffle.git/actions/secrets/public-key {"message":"Not Found","documentation_url":"https://docs.github.com/rest"}
[info] 
[info] 
[error] !  The provided authorization cannot be used with this repository. If this repository is in an organization, did you remember to grant access? 
[info] 
[info] i  Action required: Visit this URL to ensure access has been granted to the appropriate organization(s) for the Firebase CLI GitHub OAuth App: 
[info] https://github.com/settings/connections/applications/89cf50f02ac6aaed3484
[info] 
[debug] [2024-02-04T07:00:26.105Z] >>> [apiv2][query] GET https://api.github.com/repos/dakkang03/Truffle/actions/secrets/public-key type=owner
[debug] [2024-02-04T07:00:26.379Z] <<< [apiv2][status] GET https://api.github.com/repos/dakkang03/Truffle/actions/secrets/public-key 404
[debug] [2024-02-04T07:00:26.379Z] <<< [apiv2][body] GET https://api.github.com/repos/dakkang03/Truffle/actions/secrets/public-key {"message":"Not Found","documentation_url":"https://docs.github.com/rest/actions/secrets#get-a-repository-public-key"}
[info] 
[info] 
[error] !  The provided authorization cannot be used with this repository. If this repository is in an organization, did you remember to grant access? 
[info] 
[info] i  Action required: Visit this URL to ensure access has been granted to the appropriate organization(s) for the Firebase CLI GitHub OAuth App: 
[info] https://github.com/settings/connections/applications/89cf50f02ac6aaed3484
[info] 
